2025-04-21 04:44:31,606 - INFO - --- Script app.py started ---
2025-04-21 04:44:31,606 - INFO - Checking NLTK data...
2025-04-21 04:44:31,609 - WARNING - NLTK data not found, attempting download...
2025-04-21 04:44:31,914 - INFO - NLTK data downloaded.
2025-04-21 04:44:31,915 - INFO - Loading models...
2025-04-21 04:44:31,915 - INFO - Attempting to load model from sentiment_model.pkl
2025-04-21 04:44:31,915 - INFO - Model loaded successfully.
2025-04-21 04:44:31,915 - INFO - Attempting to load vectorizer from tfidf_vectorizer.pkl
2025-04-21 04:44:31,947 - INFO - Vectorizer loaded successfully.
2025-04-21 04:44:31,949 - INFO - --- Starting Flask Server --- 
2025-04-21 04:44:33,548 - INFO - Request received for route: /
2025-04-21 04:44:42,851 - INFO - Request received for route: /predict
2025-04-21 04:44:44,601 - INFO - Prediction for 'I have lost count of how many times I have seen th...': Positive (0.8999)
2025-04-21 04:44:54,082 - INFO - Request received for route: /predict
2025-04-21 04:44:54,085 - INFO - Prediction for 'I have lost count of how many times I have seen th...': Positive (0.8999)
2025-04-21 04:49:23,168 - INFO - Request received for route: /predict
2025-04-21 04:49:23,171 - INFO - Prediction for 'I have lost count of how many times I have seen th...': Positive (0.8999)
2025-04-21 04:51:04,728 - INFO - Request received for route: /predict
2025-04-21 04:51:04,732 - INFO - Prediction for 'I have lost count of how many times I have seen th...': Positive (0.8999)
2025-04-21 04:51:19,652 - INFO - Request received for route: /predict
2025-04-21 04:51:19,659 - INFO - Prediction for 'This movie is so dated - it’s painful how obvious ...': Negative (0.8007)
